<?xml version="1.0" encoding="UTF-8"?>
<!-- Generated by org.testng.reporters.JUnitReportReporter -->
<testsuite hostname="MacBook-Air-de-Andrea.local" failures="0" tests="1" name="andreball.AppiumBasics" time="10.958" errors="0" timestamp="08 mar 2025 15:26:29 GMT" skipped="0">
  <testcase classname="andreball.AppiumBasics" name="AppiumTest" time="10.958"/>
</testsuite> <!-- andreball.AppiumBasics -->
